INFO  Start processing
INFO  Hexo is running at http://localhost:8888/. Press Ctrl+C to stop.
ERROR Theme config load failed.
ERROR Process failed: _config.yml
YAMLException: can not read an implicit mapping pair; a colon is missed at line 197, column 74:
     ... /532259_welee921.jpeg?1460368549
                                         ^
    at generateError (/data/wwwroot/www.liduanwei.com/node_modules/js-yaml/lib/js-yaml/loader.js:162:10)
    at throwError (/data/wwwroot/www.liduanwei.com/node_modules/js-yaml/lib/js-yaml/loader.js:168:9)
    at readBlockMapping (/data/wwwroot/www.liduanwei.com/node_modules/js-yaml/lib/js-yaml/loader.js:1031:11)
    at composeNode (/data/wwwroot/www.liduanwei.com/node_modules/js-yaml/lib/js-yaml/loader.js:1326:12)
    at readBlockMapping (/data/wwwroot/www.liduanwei.com/node_modules/js-yaml/lib/js-yaml/loader.js:1056:11)
    at composeNode (/data/wwwroot/www.liduanwei.com/node_modules/js-yaml/lib/js-yaml/loader.js:1326:12)
    at readDocument (/data/wwwroot/www.liduanwei.com/node_modules/js-yaml/lib/js-yaml/loader.js:1488:3)
    at loadDocuments (/data/wwwroot/www.liduanwei.com/node_modules/js-yaml/lib/js-yaml/loader.js:1544:5)
    at Object.load (/data/wwwroot/www.liduanwei.com/node_modules/js-yaml/lib/js-yaml/loader.js:1561:19)
    at Hexo.yamlHelper (/data/wwwroot/www.liduanwei.com/node_modules/hexo/lib/plugins/renderer/yaml.js:7:15)
    at Hexo.tryCatcher (/data/wwwroot/www.liduanwei.com/node_modules/bluebird/js/release/util.js:16:23)
    at Hexo.<anonymous> (/data/wwwroot/www.liduanwei.com/node_modules/bluebird/js/release/method.js:15:34)
    at /data/wwwroot/www.liduanwei.com/node_modules/hexo/lib/hexo/render.js:61:21
    at tryCatcher (/data/wwwroot/www.liduanwei.com/node_modules/bluebird/js/release/util.js:16:23)
    at Promise._settlePromiseFromHandler (/data/wwwroot/www.liduanwei.com/node_modules/bluebird/js/release/promise.js:504:31)
    at Promise._settlePromise (/data/wwwroot/www.liduanwei.com/node_modules/bluebird/js/release/promise.js:561:18)
    at Promise._settlePromise0 (/data/wwwroot/www.liduanwei.com/node_modules/bluebird/js/release/promise.js:606:10)
    at Promise._settlePromises (/data/wwwroot/www.liduanwei.com/node_modules/bluebird/js/release/promise.js:685:18)
    at Async._drainQueue (/data/wwwroot/www.liduanwei.com/node_modules/bluebird/js/release/async.js:138:16)
    at Async._drainQueues (/data/wwwroot/www.liduanwei.com/node_modules/bluebird/js/release/async.js:148:10)
    at Immediate.Async.drainQueues [as _onImmediate] (/data/wwwroot/www.liduanwei.com/node_modules/bluebird/js/release/async.js:17:14)
    at tryOnImmediate (timers.js:543:15)
